{"/Users/usuario/Desktop/sena back/ejercicios/travels/src/app.controller.ts": {"path":"/Users/usuario/Desktop/sena back/ejercicios/travels/src/app.controller.ts","statementMap":{"0":{"start":{"line":1,"column":0},"end":{"line":1,"column":44}},"1":{"start":{"line":2,"column":0},"end":{"line":2,"column":43}},"2":{"start":{"line":5,"column":7},"end":{"line":7,"column":null}},"3":{"start":{"line":6,"column":31},"end":{"line":6,"column":43}},"4":{"start":{"line":5,"column":13},"end":{"line":5,"column":26}},"5":{"start":{"line":5,"column":13},"end":{"line":7,"column":null}}},"fnMap":{"0":{"name":"(anonymous_2)","decl":{"start":{"line":6,"column":2},"end":{"line":6,"column":31}},"loc":{"start":{"line":6,"column":53},"end":{"line":6,"column":57}}}},"branchMap":{"0":{"loc":{"start":{"line":6,"column":43},"end":{"line":6,"column":56}},"type":"cond-expr","locations":[{"start":{"line":6,"column":53},"end":{"line":6,"column":56}},{"start":{"line":6,"column":53},"end":{"line":6,"column":56}}]},"1":{"loc":{"start":{"line":6,"column":43},"end":{"line":6,"column":53}},"type":"binary-expr","locations":[{"start":{"line":6,"column":43},"end":{"line":6,"column":56}},{"start":{"line":6,"column":43},"end":{"line":6,"column":53}}]}},"s":{"0":2,"1":2,"2":2,"3":3,"4":2,"5":2},"f":{"0":3},"b":{"0":[2,0],"1":[2,2]}}
,"/Users/usuario/Desktop/sena back/ejercicios/travels/src/app.module.ts": {"path":"/Users/usuario/Desktop/sena back/ejercicios/travels/src/app.module.ts","statementMap":{"0":{"start":{"line":1,"column":0},"end":{"line":1,"column":40}},"1":{"start":{"line":2,"column":0},"end":{"line":2,"column":49}},"2":{"start":{"line":3,"column":0},"end":{"line":3,"column":61}},"3":{"start":{"line":4,"column":0},"end":{"line":4,"column":43}},"4":{"start":{"line":5,"column":0},"end":{"line":5,"column":59}},"5":{"start":{"line":6,"column":0},"end":{"line":6,"column":62}},"6":{"start":{"line":7,"column":0},"end":{"line":7,"column":59}},"7":{"start":{"line":8,"column":0},"end":{"line":8,"column":48}},"8":{"start":{"line":9,"column":0},"end":{"line":9,"column":56}},"9":{"start":{"line":36,"column":7},"end":{"line":36,"column":null}},"10":{"start":{"line":36,"column":13},"end":{"line":36,"column":22}},"11":{"start":{"line":36,"column":13},"end":{"line":36,"column":null}},"12":{"start":{"line":17,"column":46},"end":{"line":26,"column":8}}},"fnMap":{"0":{"name":"(anonymous_1)","decl":{"start":{"line":17,"column":18},"end":{"line":17,"column":19}},"loc":{"start":{"line":17,"column":46},"end":{"line":26,"column":8}}}},"branchMap":{},"s":{"0":1,"1":1,"2":1,"3":1,"4":1,"5":1,"6":1,"7":1,"8":1,"9":1,"10":1,"11":1,"12":1},"f":{"0":1},"b":{}}
,"/Users/usuario/Desktop/sena back/ejercicios/travels/src/app.service.ts": {"path":"/Users/usuario/Desktop/sena back/ejercicios/travels/src/app.service.ts","statementMap":{"0":{"start":{"line":1,"column":0},"end":{"line":1,"column":44}},"1":{"start":{"line":4,"column":7},"end":{"line":4,"column":null}},"2":{"start":{"line":4,"column":13},"end":{"line":4,"column":23}},"3":{"start":{"line":4,"column":13},"end":{"line":4,"column":null}}},"fnMap":{},"branchMap":{},"s":{"0":2,"1":2,"2":2,"3":2},"f":{},"b":{}}
,"/Users/usuario/Desktop/sena back/ejercicios/travels/src/interface/index.ts": {"path":"/Users/usuario/Desktop/sena back/ejercicios/travels/src/interface/index.ts","statementMap":{"0":{"start":{"line":1,"column":0},"end":{"line":1,"column":24}},"1":{"start":{"line":2,"column":0},"end":{"line":2,"column":24}},"2":{"start":{"line":3,"column":0},"end":{"line":3,"column":25}}},"fnMap":{},"branchMap":{},"s":{"0":1,"1":1,"2":1},"f":{},"b":{}}
,"/Users/usuario/Desktop/sena back/ejercicios/travels/src/modules/auth/auth.controller.ts": {"path":"/Users/usuario/Desktop/sena back/ejercicios/travels/src/modules/auth/auth.controller.ts","statementMap":{"0":{"start":{"line":1,"column":0},"end":{"line":1,"column":56}},"1":{"start":{"line":2,"column":0},"end":{"line":2,"column":78}},"2":{"start":{"line":3,"column":0},"end":{"line":3,"column":45}},"3":{"start":{"line":4,"column":0},"end":{"line":4,"column":57}},"4":{"start":{"line":8,"column":7},"end":{"line":37,"column":null}},"5":{"start":{"line":9,"column":22},"end":{"line":9,"column":35}},"6":{"start":{"line":26,"column":17},"end":{"line":26,"column":69}},"7":{"start":{"line":27,"column":4},"end":{"line":27,"column":40}},"8":{"start":{"line":35,"column":4},"end":{"line":35,"column":43}},"9":{"start":{"line":8,"column":13},"end":{"line":8,"column":27}},"10":{"start":{"line":23,"column":8},"end":{"line":28,"column":null}},"11":{"start":{"line":34,"column":8},"end":{"line":36,"column":null}},"12":{"start":{"line":8,"column":13},"end":{"line":37,"column":null}}},"fnMap":{"0":{"name":"(anonymous_4)","decl":{"start":{"line":9,"column":2},"end":{"line":9,"column":22}},"loc":{"start":{"line":9,"column":46},"end":{"line":9,"column":50}}},"1":{"name":"(anonymous_5)","decl":{"start":{"line":23,"column":8},"end":{"line":23,"column":13}},"loc":{"start":{"line":24,"column":68},"end":{"line":28,"column":3}}},"2":{"name":"(anonymous_6)","decl":{"start":{"line":34,"column":8},"end":{"line":34,"column":16}},"loc":{"start":{"line":34,"column":44},"end":{"line":36,"column":3}}}},"branchMap":{"0":{"loc":{"start":{"line":34,"column":31},"end":{"line":34,"column":null}},"type":"cond-expr","locations":[{"start":{"line":34,"column":44},"end":{"line":34,"column":null}},{"start":{"line":34,"column":44},"end":{"line":34,"column":null}}]},"1":{"loc":{"start":{"line":34,"column":31},"end":{"line":34,"column":44}},"type":"binary-expr","locations":[{"start":{"line":34,"column":31},"end":{"line":34,"column":null}},{"start":{"line":34,"column":31},"end":{"line":34,"column":44}}]},"2":{"loc":{"start":{"line":9,"column":35},"end":{"line":9,"column":49}},"type":"cond-expr","locations":[{"start":{"line":9,"column":46},"end":{"line":9,"column":49}},{"start":{"line":9,"column":46},"end":{"line":9,"column":49}}]},"3":{"loc":{"start":{"line":9,"column":35},"end":{"line":9,"column":46}},"type":"binary-expr","locations":[{"start":{"line":9,"column":35},"end":{"line":9,"column":49}},{"start":{"line":9,"column":35},"end":{"line":9,"column":46}}]}},"s":{"0":3,"1":3,"2":3,"3":3,"4":3,"5":2,"6":1,"7":1,"8":1,"9":3,"10":3,"11":3,"12":3},"f":{"0":2,"1":1,"2":1},"b":{"0":[3,0],"1":[3,3],"2":[3,0],"3":[3,3]}}
,"/Users/usuario/Desktop/sena back/ejercicios/travels/src/modules/auth/auth.module.ts": {"path":"/Users/usuario/Desktop/sena back/ejercicios/travels/src/modules/auth/auth.module.ts","statementMap":{"0":{"start":{"line":1,"column":0},"end":{"line":1,"column":40}},"1":{"start":{"line":2,"column":0},"end":{"line":2,"column":40}},"2":{"start":{"line":3,"column":0},"end":{"line":3,"column":50}},"3":{"start":{"line":4,"column":0},"end":{"line":4,"column":45}},"4":{"start":{"line":5,"column":0},"end":{"line":5,"column":52}},"5":{"start":{"line":6,"column":0},"end":{"line":6,"column":45}},"6":{"start":{"line":7,"column":0},"end":{"line":7,"column":51}},"7":{"start":{"line":8,"column":0},"end":{"line":8,"column":48}},"8":{"start":{"line":9,"column":0},"end":{"line":9,"column":48}},"9":{"start":{"line":10,"column":0},"end":{"line":10,"column":48}},"10":{"start":{"line":25,"column":7},"end":{"line":25,"column":null}},"11":{"start":{"line":25,"column":13},"end":{"line":25,"column":23}},"12":{"start":{"line":25,"column":13},"end":{"line":25,"column":null}}},"fnMap":{},"branchMap":{"0":{"loc":{"start":{"line":17,"column":14},"end":{"line":17,"column":54}},"type":"binary-expr","locations":[{"start":{"line":17,"column":14},"end":{"line":17,"column":36}},{"start":{"line":17,"column":40},"end":{"line":17,"column":54}}]}},"s":{"0":2,"1":2,"2":2,"3":2,"4":2,"5":2,"6":2,"7":2,"8":2,"9":2,"10":2,"11":2,"12":2},"f":{},"b":{"0":[2,2]}}
,"/Users/usuario/Desktop/sena back/ejercicios/travels/src/modules/auth/auth.service.ts": {"path":"/Users/usuario/Desktop/sena back/ejercicios/travels/src/modules/auth/auth.service.ts","statementMap":{"0":{"start":{"line":1,"column":0},"end":{"line":1,"column":null}},"1":{"start":{"line":7,"column":0},"end":{"line":7,"column":41}},"2":{"start":{"line":8,"column":0},"end":{"line":8,"column":33}},"3":{"start":{"line":9,"column":0},"end":{"line":9,"column":54}},"4":{"start":{"line":11,"column":0},"end":{"line":11,"column":51}},"5":{"start":{"line":12,"column":0},"end":{"line":12,"column":37}},"6":{"start":{"line":13,"column":0},"end":{"line":13,"column":48}},"7":{"start":{"line":14,"column":0},"end":{"line":14,"column":48}},"8":{"start":{"line":17,"column":7},"end":{"line":68,"column":null}},"9":{"start":{"line":19,"column":12},"end":{"line":19,"column":26}},"10":{"start":{"line":20,"column":12},"end":{"line":20,"column":24}},"11":{"start":{"line":22,"column":21},"end":{"line":22,"column":37}},"12":{"start":{"line":24,"column":21},"end":{"line":24,"column":37}},"13":{"start":{"line":28,"column":17},"end":{"line":28,"column":59}},"14":{"start":{"line":29,"column":4},"end":{"line":32,"column":5}},"15":{"start":{"line":30,"column":38},"end":{"line":30,"column":42}},"16":{"start":{"line":31,"column":6},"end":{"line":31,"column":20}},"17":{"start":{"line":33,"column":4},"end":{"line":33,"column":62}},"18":{"start":{"line":37,"column":20},"end":{"line":37,"column":75}},"19":{"start":{"line":38,"column":4},"end":{"line":40,"column":6}},"20":{"start":{"line":44,"column":40},"end":{"line":44,"column":53}},"21":{"start":{"line":46,"column":25},"end":{"line":48,"column":6}},"22":{"start":{"line":49,"column":4},"end":{"line":51,"column":5}},"23":{"start":{"line":50,"column":6},"end":{"line":50,"column":68}},"24":{"start":{"line":53,"column":17},"end":{"line":53,"column":77}},"25":{"start":{"line":54,"column":4},"end":{"line":56,"column":5}},"26":{"start":{"line":55,"column":6},"end":{"line":55,"column":73}},"27":{"start":{"line":58,"column":27},"end":{"line":58,"column":58}},"28":{"start":{"line":60,"column":20},"end":{"line":64,"column":6}},"29":{"start":{"line":66,"column":4},"end":{"line":66,"column":45}},"30":{"start":{"line":17,"column":13},"end":{"line":17,"column":24}},"31":{"start":{"line":17,"column":13},"end":{"line":68,"column":null}}},"fnMap":{"0":{"name":"(anonymous_13)","decl":{"start":{"line":18,"column":2},"end":{"line":18,"column":null}},"loc":{"start":{"line":24,"column":53},"end":{"line":25,"column":6}}},"1":{"name":"(anonymous_14)","decl":{"start":{"line":27,"column":2},"end":{"line":27,"column":7}},"loc":{"start":{"line":27,"column":52},"end":{"line":34,"column":3}}},"2":{"name":"(anonymous_15)","decl":{"start":{"line":36,"column":2},"end":{"line":36,"column":7}},"loc":{"start":{"line":36,"column":23},"end":{"line":41,"column":3}}},"3":{"name":"(anonymous_16)","decl":{"start":{"line":43,"column":2},"end":{"line":43,"column":7}},"loc":{"start":{"line":43,"column":45},"end":{"line":67,"column":3}}}},"branchMap":{"0":{"loc":{"start":{"line":29,"column":4},"end":{"line":32,"column":5}},"type":"if","locations":[{"start":{"line":29,"column":4},"end":{"line":32,"column":5}},{"start":{},"end":{}}]},"1":{"loc":{"start":{"line":29,"column":8},"end":{"line":29,"column":63}},"type":"binary-expr","locations":[{"start":{"line":29,"column":8},"end":{"line":29,"column":12}},{"start":{"line":29,"column":17},"end":{"line":29,"column":62}}]},"2":{"loc":{"start":{"line":49,"column":4},"end":{"line":51,"column":5}},"type":"if","locations":[{"start":{"line":49,"column":4},"end":{"line":51,"column":5}},{"start":{},"end":{}}]},"3":{"loc":{"start":{"line":54,"column":4},"end":{"line":56,"column":5}},"type":"if","locations":[{"start":{"line":54,"column":4},"end":{"line":56,"column":5}},{"start":{},"end":{}}]},"4":{"loc":{"start":{"line":19,"column":26},"end":{"line":19,"column":null}},"type":"cond-expr","locations":[{"start":{"line":19,"column":38},"end":{"line":19,"column":null}},{"start":{"line":19,"column":38},"end":{"line":19,"column":null}}]},"5":{"loc":{"start":{"line":19,"column":26},"end":{"line":19,"column":38}},"type":"binary-expr","locations":[{"start":{"line":19,"column":26},"end":{"line":19,"column":null}},{"start":{"line":19,"column":26},"end":{"line":19,"column":38}}]},"6":{"loc":{"start":{"line":19,"column":38},"end":{"line":20,"column":null}},"type":"cond-expr","locations":[{"start":{"line":20,"column":34},"end":{"line":20,"column":null}},{"start":{"line":20,"column":34},"end":{"line":20,"column":null}}]},"7":{"loc":{"start":{"line":19,"column":38},"end":{"line":20,"column":34}},"type":"binary-expr","locations":[{"start":{"line":19,"column":38},"end":{"line":20,"column":null}},{"start":{"line":20,"column":24},"end":{"line":20,"column":34}}]},"8":{"loc":{"start":{"line":20,"column":34},"end":{"line":22,"column":53}},"type":"cond-expr","locations":[{"start":{"line":22,"column":47},"end":{"line":22,"column":53}},{"start":{"line":22,"column":47},"end":{"line":22,"column":53}}]},"9":{"loc":{"start":{"line":20,"column":34},"end":{"line":22,"column":47}},"type":"binary-expr","locations":[{"start":{"line":20,"column":34},"end":{"line":22,"column":53}},{"start":{"line":22,"column":37},"end":{"line":22,"column":47}}]},"10":{"loc":{"start":{"line":22,"column":47},"end":{"line":24,"column":53}},"type":"cond-expr","locations":[{"start":{"line":24,"column":47},"end":{"line":24,"column":53}},{"start":{"line":24,"column":47},"end":{"line":24,"column":53}}]},"11":{"loc":{"start":{"line":22,"column":47},"end":{"line":24,"column":47}},"type":"binary-expr","locations":[{"start":{"line":22,"column":47},"end":{"line":24,"column":53}},{"start":{"line":24,"column":37},"end":{"line":24,"column":47}}]}},"s":{"0":4,"1":4,"2":4,"3":4,"4":4,"5":4,"6":4,"7":4,"8":4,"9":4,"10":4,"11":4,"12":4,"13":0,"14":0,"15":0,"16":0,"17":0,"18":3,"19":3,"20":1,"21":1,"22":0,"23":0,"24":0,"25":0,"26":0,"27":0,"28":0,"29":0,"30":4,"31":4},"f":{"0":4,"1":0,"2":3,"3":1},"b":{"0":[0,0],"1":[0,0],"2":[0,0],"3":[0,0],"4":[4,0],"5":[4,4],"6":[4,0],"7":[4,4],"8":[4,0],"9":[4,4],"10":[4,0],"11":[4,4]}}
,"/Users/usuario/Desktop/sena back/ejercicios/travels/src/modules/auth/jwt-auth.guard.ts": {"path":"/Users/usuario/Desktop/sena back/ejercicios/travels/src/modules/auth/jwt-auth.guard.ts","statementMap":{"0":{"start":{"line":1,"column":0},"end":{"line":1,"column":44}},"1":{"start":{"line":2,"column":0},"end":{"line":2,"column":45}},"2":{"start":{"line":5,"column":7},"end":{"line":5,"column":null}},"3":{"start":{"line":5,"column":13},"end":{"line":5,"column":25}},"4":{"start":{"line":5,"column":13},"end":{"line":5,"column":null}}},"fnMap":{},"branchMap":{},"s":{"0":7,"1":7,"2":7,"3":7,"4":7},"f":{},"b":{}}
,"/Users/usuario/Desktop/sena back/ejercicios/travels/src/modules/auth/jwt.strategy.ts": {"path":"/Users/usuario/Desktop/sena back/ejercicios/travels/src/modules/auth/jwt.strategy.ts","statementMap":{"0":{"start":{"line":1,"column":0},"end":{"line":1,"column":44}},"1":{"start":{"line":2,"column":0},"end":{"line":2,"column":52}},"2":{"start":{"line":3,"column":0},"end":{"line":3,"column":52}},"3":{"start":{"line":6,"column":7},"end":{"line":22,"column":null}},"4":{"start":{"line":8,"column":4},"end":{"line":12,"column":7}},"5":{"start":{"line":16,"column":4},"end":{"line":20,"column":6}},"6":{"start":{"line":6,"column":13},"end":{"line":6,"column":24}},"7":{"start":{"line":6,"column":13},"end":{"line":22,"column":null}}},"fnMap":{"0":{"name":"(anonymous_2)","decl":{"start":{"line":7,"column":2},"end":{"line":7,"column":null}},"loc":{"start":{"line":7,"column":2},"end":{"line":13,"column":3}}},"1":{"name":"(anonymous_3)","decl":{"start":{"line":15,"column":2},"end":{"line":15,"column":7}},"loc":{"start":{"line":15,"column":29},"end":{"line":21,"column":3}}}},"branchMap":{"0":{"loc":{"start":{"line":11,"column":19},"end":{"line":11,"column":59}},"type":"binary-expr","locations":[{"start":{"line":11,"column":19},"end":{"line":11,"column":41}},{"start":{"line":11,"column":45},"end":{"line":11,"column":59}}]}},"s":{"0":3,"1":3,"2":3,"3":3,"4":3,"5":1,"6":3,"7":3},"f":{"0":3,"1":1},"b":{"0":[3,2]}}
,"/Users/usuario/Desktop/sena back/ejercicios/travels/src/modules/auth/roles.decorator.ts": {"path":"/Users/usuario/Desktop/sena back/ejercicios/travels/src/modules/auth/roles.decorator.ts","statementMap":{"0":{"start":{"line":1,"column":0},"end":{"line":1,"column":45}},"1":{"start":{"line":3,"column":13},"end":{"line":3,"column":33}},"2":{"start":{"line":4,"column":21},"end":{"line":4,"column":74}},"3":{"start":{"line":4,"column":45},"end":{"line":4,"column":74}},"4":{"start":{"line":4,"column":13},"end":{"line":4,"column":21}}},"fnMap":{"0":{"name":"(anonymous_0)","decl":{"start":{"line":4,"column":21},"end":{"line":4,"column":22}},"loc":{"start":{"line":4,"column":45},"end":{"line":4,"column":74}}}},"branchMap":{},"s":{"0":8,"1":8,"2":8,"3":24,"4":8},"f":{"0":24},"b":{}}
,"/Users/usuario/Desktop/sena back/ejercicios/travels/src/modules/auth/roles.guard.ts": {"path":"/Users/usuario/Desktop/sena back/ejercicios/travels/src/modules/auth/roles.guard.ts","statementMap":{"0":{"start":{"line":1,"column":0},"end":{"line":1,"column":null}},"1":{"start":{"line":7,"column":0},"end":{"line":7,"column":41}},"2":{"start":{"line":8,"column":0},"end":{"line":8,"column":46}},"3":{"start":{"line":11,"column":7},"end":{"line":29,"column":null}},"4":{"start":{"line":12,"column":22},"end":{"line":12,"column":33}},"5":{"start":{"line":15,"column":26},"end":{"line":17,"column":null}},"6":{"start":{"line":19,"column":4},"end":{"line":19,"column":36}},"7":{"start":{"line":19,"column":24},"end":{"line":19,"column":36}},"8":{"start":{"line":21,"column":21},"end":{"line":21,"column":56}},"9":{"start":{"line":23,"column":4},"end":{"line":25,"column":5}},"10":{"start":{"line":24,"column":6},"end":{"line":24,"column":74}},"11":{"start":{"line":27,"column":4},"end":{"line":27,"column":16}},"12":{"start":{"line":11,"column":13},"end":{"line":11,"column":23}},"13":{"start":{"line":11,"column":13},"end":{"line":29,"column":null}}},"fnMap":{"0":{"name":"(anonymous_2)","decl":{"start":{"line":12,"column":2},"end":{"line":12,"column":22}},"loc":{"start":{"line":12,"column":42},"end":{"line":12,"column":46}}},"1":{"name":"(anonymous_3)","decl":{"start":{"line":14,"column":2},"end":{"line":14,"column":13}},"loc":{"start":{"line":14,"column":39},"end":{"line":28,"column":3}}}},"branchMap":{"0":{"loc":{"start":{"line":19,"column":4},"end":{"line":19,"column":36}},"type":"if","locations":[{"start":{"line":19,"column":4},"end":{"line":19,"column":36}},{"start":{},"end":{}}]},"1":{"loc":{"start":{"line":23,"column":4},"end":{"line":25,"column":5}},"type":"if","locations":[{"start":{"line":23,"column":4},"end":{"line":25,"column":5}},{"start":{},"end":{}}]},"2":{"loc":{"start":{"line":23,"column":8},"end":{"line":23,"column":56}},"type":"binary-expr","locations":[{"start":{"line":23,"column":8},"end":{"line":23,"column":13}},{"start":{"line":23,"column":17},"end":{"line":23,"column":56}}]},"3":{"loc":{"start":{"line":12,"column":33},"end":{"line":12,"column":45}},"type":"cond-expr","locations":[{"start":{"line":12,"column":42},"end":{"line":12,"column":45}},{"start":{"line":12,"column":42},"end":{"line":12,"column":45}}]},"4":{"loc":{"start":{"line":12,"column":33},"end":{"line":12,"column":42}},"type":"binary-expr","locations":[{"start":{"line":12,"column":33},"end":{"line":12,"column":45}},{"start":{"line":12,"column":33},"end":{"line":12,"column":42}}]}},"s":{"0":7,"1":7,"2":7,"3":7,"4":7,"5":0,"6":0,"7":0,"8":0,"9":0,"10":0,"11":0,"12":7,"13":7},"f":{"0":7,"1":0},"b":{"0":[0,0],"1":[0,0],"2":[0,0],"3":[7,0],"4":[7,7]}}
,"/Users/usuario/Desktop/sena back/ejercicios/travels/src/modules/places/places.controller.ts": {"path":"/Users/usuario/Desktop/sena back/ejercicios/travels/src/modules/places/places.controller.ts","statementMap":{"0":{"start":{"line":1,"column":0},"end":{"line":1,"column":null}},"1":{"start":{"line":11,"column":0},"end":{"line":11,"column":49}},"2":{"start":{"line":13,"column":0},"end":{"line":13,"column":54}},"3":{"start":{"line":14,"column":0},"end":{"line":14,"column":49}},"4":{"start":{"line":15,"column":0},"end":{"line":15,"column":48}},"5":{"start":{"line":16,"column":0},"end":{"line":16,"column":null}},"6":{"start":{"line":24,"column":0},"end":{"line":24,"column":58}},"7":{"start":{"line":29,"column":7},"end":{"line":97,"column":null}},"8":{"start":{"line":30,"column":31},"end":{"line":30,"column":46}},"9":{"start":{"line":46,"column":4},"end":{"line":46,"column":53}},"10":{"start":{"line":53,"column":4},"end":{"line":53,"column":40}},"11":{"start":{"line":64,"column":4},"end":{"line":64,"column":42}},"12":{"start":{"line":84,"column":4},"end":{"line":84,"column":53}},"13":{"start":{"line":95,"column":4},"end":{"line":95,"column":41}},"14":{"start":{"line":29,"column":13},"end":{"line":29,"column":29}},"15":{"start":{"line":45,"column":2},"end":{"line":47,"column":null}},"16":{"start":{"line":52,"column":2},"end":{"line":54,"column":null}},"17":{"start":{"line":63,"column":2},"end":{"line":65,"column":null}},"18":{"start":{"line":83,"column":2},"end":{"line":85,"column":null}},"19":{"start":{"line":94,"column":2},"end":{"line":96,"column":null}},"20":{"start":{"line":29,"column":13},"end":{"line":97,"column":null}}},"fnMap":{"0":{"name":"(anonymous_4)","decl":{"start":{"line":30,"column":2},"end":{"line":30,"column":31}},"loc":{"start":{"line":30,"column":59},"end":{"line":30,"column":63}}},"1":{"name":"(anonymous_5)","decl":{"start":{"line":45,"column":2},"end":{"line":45,"column":8}},"loc":{"start":{"line":45,"column":42},"end":{"line":47,"column":3}}},"2":{"name":"(anonymous_6)","decl":{"start":{"line":52,"column":2},"end":{"line":52,"column":9}},"loc":{"start":{"line":52,"column":9},"end":{"line":54,"column":3}}},"3":{"name":"(anonymous_7)","decl":{"start":{"line":63,"column":2},"end":{"line":63,"column":9}},"loc":{"start":{"line":63,"column":33},"end":{"line":65,"column":3}}},"4":{"name":"(anonymous_8)","decl":{"start":{"line":83,"column":2},"end":{"line":83,"column":8}},"loc":{"start":{"line":83,"column":69},"end":{"line":85,"column":3}}},"5":{"name":"(anonymous_9)","decl":{"start":{"line":94,"column":2},"end":{"line":94,"column":8}},"loc":{"start":{"line":94,"column":32},"end":{"line":96,"column":3}}}},"branchMap":{"0":{"loc":{"start":{"line":45,"column":28},"end":{"line":45,"column":null}},"type":"cond-expr","locations":[{"start":{"line":45,"column":42},"end":{"line":45,"column":null}},{"start":{"line":45,"column":42},"end":{"line":45,"column":null}}]},"1":{"loc":{"start":{"line":45,"column":28},"end":{"line":45,"column":42}},"type":"binary-expr","locations":[{"start":{"line":45,"column":28},"end":{"line":45,"column":null}},{"start":{"line":45,"column":28},"end":{"line":45,"column":42}}]},"2":{"loc":{"start":{"line":83,"column":54},"end":{"line":83,"column":69}},"type":"cond-expr","locations":[{"start":{"line":83,"column":61},"end":{"line":83,"column":69}},{"start":{"line":83,"column":61},"end":{"line":83,"column":69}}]},"3":{"loc":{"start":{"line":83,"column":54},"end":{"line":83,"column":61}},"type":"binary-expr","locations":[{"start":{"line":83,"column":54},"end":{"line":83,"column":69}},{"start":{"line":83,"column":54},"end":{"line":83,"column":61}}]},"4":{"loc":{"start":{"line":30,"column":46},"end":{"line":30,"column":62}},"type":"cond-expr","locations":[{"start":{"line":30,"column":59},"end":{"line":30,"column":62}},{"start":{"line":30,"column":59},"end":{"line":30,"column":62}}]},"5":{"loc":{"start":{"line":30,"column":46},"end":{"line":30,"column":59}},"type":"binary-expr","locations":[{"start":{"line":30,"column":46},"end":{"line":30,"column":62}},{"start":{"line":30,"column":46},"end":{"line":30,"column":59}}]}},"s":{"0":3,"1":3,"2":3,"3":3,"4":3,"5":3,"6":3,"7":3,"8":2,"9":0,"10":1,"11":1,"12":0,"13":0,"14":3,"15":3,"16":3,"17":3,"18":3,"19":3,"20":3},"f":{"0":2,"1":0,"2":1,"3":1,"4":0,"5":0},"b":{"0":[3,0],"1":[3,3],"2":[0,3],"3":[3,0],"4":[3,0],"5":[3,3]}}
,"/Users/usuario/Desktop/sena back/ejercicios/travels/src/modules/places/places.module.ts": {"path":"/Users/usuario/Desktop/sena back/ejercicios/travels/src/modules/places/places.module.ts","statementMap":{"0":{"start":{"line":1,"column":0},"end":{"line":1,"column":40}},"1":{"start":{"line":2,"column":0},"end":{"line":2,"column":49}},"2":{"start":{"line":3,"column":0},"end":{"line":3,"column":55}},"3":{"start":{"line":4,"column":0},"end":{"line":4,"column":48}},"4":{"start":{"line":5,"column":0},"end":{"line":5,"column":51}},"5":{"start":{"line":6,"column":0},"end":{"line":6,"column":48}},"6":{"start":{"line":13,"column":7},"end":{"line":13,"column":null}},"7":{"start":{"line":13,"column":13},"end":{"line":13,"column":25}},"8":{"start":{"line":13,"column":13},"end":{"line":13,"column":null}}},"fnMap":{},"branchMap":{},"s":{"0":2,"1":2,"2":2,"3":2,"4":2,"5":2,"6":2,"7":2,"8":2},"f":{},"b":{}}
,"/Users/usuario/Desktop/sena back/ejercicios/travels/src/modules/places/places.service.ts": {"path":"/Users/usuario/Desktop/sena back/ejercicios/travels/src/modules/places/places.service.ts","statementMap":{"0":{"start":{"line":1,"column":0},"end":{"line":1,"column":63}},"1":{"start":{"line":2,"column":0},"end":{"line":2,"column":51}},"2":{"start":{"line":4,"column":0},"end":{"line":4,"column":51}},"3":{"start":{"line":5,"column":0},"end":{"line":5,"column":48}},"4":{"start":{"line":7,"column":0},"end":{"line":7,"column":37}},"5":{"start":{"line":10,"column":7},"end":{"line":66,"column":null}},"6":{"start":{"line":13,"column":21},"end":{"line":13,"column":38}},"7":{"start":{"line":16,"column":12},"end":{"line":16,"column":22}},"8":{"start":{"line":20,"column":18},"end":{"line":20,"column":56}},"9":{"start":{"line":21,"column":4},"end":{"line":21,"column":44}},"10":{"start":{"line":25,"column":4},"end":{"line":25,"column":62}},"11":{"start":{"line":29,"column":4},"end":{"line":29,"column":59}},"12":{"start":{"line":33,"column":4},"end":{"line":33,"column":48}},"13":{"start":{"line":34,"column":4},"end":{"line":34,"column":28}},"14":{"start":{"line":38,"column":4},"end":{"line":38,"column":42}},"15":{"start":{"line":42,"column":17},"end":{"line":42,"column":76}},"16":{"start":{"line":43,"column":4},"end":{"line":46,"column":8}},"17":{"start":{"line":44,"column":6},"end":{"line":46,"column":8}},"18":{"start":{"line":49,"column":16},"end":{"line":51,"column":6}},"19":{"start":{"line":53,"column":4},"end":{"line":62,"column":5}},"20":{"start":{"line":55,"column":6},"end":{"line":55,"column":24}},"21":{"start":{"line":58,"column":6},"end":{"line":61,"column":9}},"22":{"start":{"line":64,"column":4},"end":{"line":64,"column":44}},"23":{"start":{"line":10,"column":13},"end":{"line":10,"column":26}},"24":{"start":{"line":10,"column":13},"end":{"line":66,"column":null}}},"fnMap":{"0":{"name":"(anonymous_4)","decl":{"start":{"line":11,"column":2},"end":{"line":11,"column":null}},"loc":{"start":{"line":16,"column":38},"end":{"line":17,"column":6}}},"1":{"name":"(anonymous_5)","decl":{"start":{"line":19,"column":2},"end":{"line":19,"column":7}},"loc":{"start":{"line":19,"column":32},"end":{"line":22,"column":3}}},"2":{"name":"(anonymous_6)","decl":{"start":{"line":24,"column":2},"end":{"line":24,"column":7}},"loc":{"start":{"line":24,"column":15},"end":{"line":26,"column":3}}},"3":{"name":"(anonymous_7)","decl":{"start":{"line":28,"column":2},"end":{"line":28,"column":7}},"loc":{"start":{"line":28,"column":26},"end":{"line":30,"column":3}}},"4":{"name":"(anonymous_8)","decl":{"start":{"line":32,"column":2},"end":{"line":32,"column":7}},"loc":{"start":{"line":32,"column":47},"end":{"line":35,"column":3}}},"5":{"name":"(anonymous_9)","decl":{"start":{"line":37,"column":2},"end":{"line":37,"column":7}},"loc":{"start":{"line":37,"column":25},"end":{"line":39,"column":3}}},"6":{"name":"(anonymous_10)","decl":{"start":{"line":41,"column":2},"end":{"line":41,"column":7}},"loc":{"start":{"line":41,"column":40},"end":{"line":65,"column":3}}}},"branchMap":{"0":{"loc":{"start":{"line":43,"column":4},"end":{"line":46,"column":8}},"type":"if","locations":[{"start":{"line":43,"column":4},"end":{"line":46,"column":8}},{"start":{},"end":{}}]},"1":{"loc":{"start":{"line":53,"column":4},"end":{"line":62,"column":5}},"type":"if","locations":[{"start":{"line":53,"column":4},"end":{"line":62,"column":5}},{"start":{"line":56,"column":11},"end":{"line":62,"column":5}}]},"2":{"loc":{"start":{"line":13,"column":38},"end":{"line":13,"column":55}},"type":"cond-expr","locations":[{"start":{"line":13,"column":48},"end":{"line":13,"column":55}},{"start":{"line":13,"column":48},"end":{"line":13,"column":55}}]},"3":{"loc":{"start":{"line":13,"column":38},"end":{"line":13,"column":48}},"type":"binary-expr","locations":[{"start":{"line":13,"column":38},"end":{"line":13,"column":55}},{"start":{"line":13,"column":38},"end":{"line":13,"column":48}}]},"4":{"loc":{"start":{"line":13,"column":48},"end":{"line":16,"column":38}},"type":"cond-expr","locations":[{"start":{"line":16,"column":32},"end":{"line":16,"column":38}},{"start":{"line":16,"column":32},"end":{"line":16,"column":38}}]},"5":{"loc":{"start":{"line":13,"column":48},"end":{"line":16,"column":32}},"type":"binary-expr","locations":[{"start":{"line":13,"column":48},"end":{"line":16,"column":38}},{"start":{"line":16,"column":22},"end":{"line":16,"column":32}}]}},"s":{"0":4,"1":4,"2":4,"3":4,"4":4,"5":4,"6":8,"7":8,"8":1,"9":1,"10":1,"11":2,"12":1,"13":1,"14":1,"15":3,"16":3,"17":1,"18":2,"19":2,"20":1,"21":1,"22":2,"23":4,"24":4},"f":{"0":8,"1":1,"2":1,"3":2,"4":1,"5":1,"6":3},"b":{"0":[1,2],"1":[1,1],"2":[4,0],"3":[4,4],"4":[4,0],"5":[4,4]}}
,"/Users/usuario/Desktop/sena back/ejercicios/travels/src/modules/roles/roles.controller.ts": {"path":"/Users/usuario/Desktop/sena back/ejercicios/travels/src/modules/roles/roles.controller.ts","statementMap":{"0":{"start":{"line":1,"column":0},"end":{"line":1,"column":null}},"1":{"start":{"line":11,"column":0},"end":{"line":11,"column":47}},"2":{"start":{"line":13,"column":0},"end":{"line":13,"column":54}},"3":{"start":{"line":14,"column":0},"end":{"line":14,"column":49}},"4":{"start":{"line":15,"column":0},"end":{"line":15,"column":48}},"5":{"start":{"line":16,"column":0},"end":{"line":16,"column":null}},"6":{"start":{"line":30,"column":7},"end":{"line":108,"column":null}},"7":{"start":{"line":31,"column":31},"end":{"line":31,"column":45}},"8":{"start":{"line":55,"column":4},"end":{"line":55,"column":46}},"9":{"start":{"line":65,"column":4},"end":{"line":65,"column":39}},"10":{"start":{"line":74,"column":4},"end":{"line":74,"column":41}},"11":{"start":{"line":97,"column":4},"end":{"line":97,"column":52}},"12":{"start":{"line":106,"column":4},"end":{"line":106,"column":40}},"13":{"start":{"line":30,"column":13},"end":{"line":30,"column":28}},"14":{"start":{"line":54,"column":2},"end":{"line":56,"column":null}},"15":{"start":{"line":64,"column":2},"end":{"line":66,"column":null}},"16":{"start":{"line":73,"column":2},"end":{"line":75,"column":null}},"17":{"start":{"line":96,"column":2},"end":{"line":98,"column":null}},"18":{"start":{"line":105,"column":2},"end":{"line":107,"column":null}},"19":{"start":{"line":30,"column":13},"end":{"line":108,"column":null}}},"fnMap":{"0":{"name":"(anonymous_4)","decl":{"start":{"line":31,"column":2},"end":{"line":31,"column":31}},"loc":{"start":{"line":31,"column":57},"end":{"line":31,"column":61}}},"1":{"name":"(anonymous_5)","decl":{"start":{"line":54,"column":2},"end":{"line":54,"column":8}},"loc":{"start":{"line":54,"column":32},"end":{"line":56,"column":3}}},"2":{"name":"(anonymous_6)","decl":{"start":{"line":64,"column":2},"end":{"line":64,"column":9}},"loc":{"start":{"line":64,"column":9},"end":{"line":66,"column":3}}},"3":{"name":"(anonymous_7)","decl":{"start":{"line":73,"column":2},"end":{"line":73,"column":9}},"loc":{"start":{"line":73,"column":33},"end":{"line":75,"column":3}}},"4":{"name":"(anonymous_8)","decl":{"start":{"line":96,"column":2},"end":{"line":96,"column":8}},"loc":{"start":{"line":96,"column":68},"end":{"line":98,"column":3}}},"5":{"name":"(anonymous_9)","decl":{"start":{"line":105,"column":2},"end":{"line":105,"column":8}},"loc":{"start":{"line":105,"column":32},"end":{"line":107,"column":3}}}},"branchMap":{"0":{"loc":{"start":{"line":96,"column":54},"end":{"line":96,"column":68}},"type":"cond-expr","locations":[{"start":{"line":96,"column":61},"end":{"line":96,"column":68}},{"start":{"line":96,"column":61},"end":{"line":96,"column":68}}]},"1":{"loc":{"start":{"line":96,"column":54},"end":{"line":96,"column":61}},"type":"binary-expr","locations":[{"start":{"line":96,"column":54},"end":{"line":96,"column":68}},{"start":{"line":96,"column":54},"end":{"line":96,"column":61}}]},"2":{"loc":{"start":{"line":31,"column":45},"end":{"line":31,"column":60}},"type":"cond-expr","locations":[{"start":{"line":31,"column":57},"end":{"line":31,"column":60}},{"start":{"line":31,"column":57},"end":{"line":31,"column":60}}]},"3":{"loc":{"start":{"line":31,"column":45},"end":{"line":31,"column":57}},"type":"binary-expr","locations":[{"start":{"line":31,"column":45},"end":{"line":31,"column":60}},{"start":{"line":31,"column":45},"end":{"line":31,"column":57}}]}},"s":{"0":2,"1":2,"2":2,"3":2,"4":2,"5":2,"6":2,"7":2,"8":0,"9":1,"10":1,"11":0,"12":0,"13":2,"14":2,"15":2,"16":2,"17":2,"18":2,"19":2},"f":{"0":2,"1":0,"2":1,"3":1,"4":0,"5":0},"b":{"0":[0,2],"1":[2,0],"2":[2,0],"3":[2,2]}}
,"/Users/usuario/Desktop/sena back/ejercicios/travels/src/modules/roles/roles.module.ts": {"path":"/Users/usuario/Desktop/sena back/ejercicios/travels/src/modules/roles/roles.module.ts","statementMap":{"0":{"start":{"line":1,"column":0},"end":{"line":1,"column":40}},"1":{"start":{"line":2,"column":0},"end":{"line":2,"column":47}},"2":{"start":{"line":3,"column":0},"end":{"line":3,"column":53}},"3":{"start":{"line":4,"column":0},"end":{"line":4,"column":48}},"4":{"start":{"line":5,"column":0},"end":{"line":5,"column":48}},"5":{"start":{"line":12,"column":7},"end":{"line":12,"column":null}},"6":{"start":{"line":12,"column":13},"end":{"line":12,"column":24}},"7":{"start":{"line":12,"column":13},"end":{"line":12,"column":null}}},"fnMap":{},"branchMap":{},"s":{"0":1,"1":1,"2":1,"3":1,"4":1,"5":1,"6":1,"7":1},"f":{},"b":{}}
,"/Users/usuario/Desktop/sena back/ejercicios/travels/src/modules/roles/roles.service.ts": {"path":"/Users/usuario/Desktop/sena back/ejercicios/travels/src/modules/roles/roles.service.ts","statementMap":{"0":{"start":{"line":1,"column":0},"end":{"line":1,"column":44}},"1":{"start":{"line":2,"column":0},"end":{"line":2,"column":51}},"2":{"start":{"line":3,"column":0},"end":{"line":3,"column":48}},"3":{"start":{"line":5,"column":0},"end":{"line":5,"column":37}},"4":{"start":{"line":8,"column":7},"end":{"line":35,"column":null}},"5":{"start":{"line":11,"column":21},"end":{"line":11,"column":37}},"6":{"start":{"line":15,"column":17},"end":{"line":15,"column":53}},"7":{"start":{"line":16,"column":4},"end":{"line":16,"column":42}},"8":{"start":{"line":20,"column":4},"end":{"line":20,"column":38}},"9":{"start":{"line":24,"column":4},"end":{"line":24,"column":49}},"10":{"start":{"line":28,"column":4},"end":{"line":28,"column":47}},"11":{"start":{"line":29,"column":4},"end":{"line":29,"column":28}},"12":{"start":{"line":33,"column":4},"end":{"line":33,"column":41}},"13":{"start":{"line":8,"column":13},"end":{"line":8,"column":25}},"14":{"start":{"line":8,"column":13},"end":{"line":35,"column":null}}},"fnMap":{"0":{"name":"(anonymous_4)","decl":{"start":{"line":9,"column":2},"end":{"line":9,"column":null}},"loc":{"start":{"line":11,"column":53},"end":{"line":12,"column":6}}},"1":{"name":"(anonymous_5)","decl":{"start":{"line":14,"column":2},"end":{"line":14,"column":7}},"loc":{"start":{"line":14,"column":30},"end":{"line":17,"column":3}}},"2":{"name":"(anonymous_6)","decl":{"start":{"line":19,"column":2},"end":{"line":19,"column":7}},"loc":{"start":{"line":19,"column":15},"end":{"line":21,"column":3}}},"3":{"name":"(anonymous_7)","decl":{"start":{"line":23,"column":2},"end":{"line":23,"column":7}},"loc":{"start":{"line":23,"column":26},"end":{"line":25,"column":3}}},"4":{"name":"(anonymous_8)","decl":{"start":{"line":27,"column":2},"end":{"line":27,"column":7}},"loc":{"start":{"line":27,"column":46},"end":{"line":30,"column":3}}},"5":{"name":"(anonymous_9)","decl":{"start":{"line":32,"column":2},"end":{"line":32,"column":7}},"loc":{"start":{"line":32,"column":25},"end":{"line":34,"column":3}}}},"branchMap":{"0":{"loc":{"start":{"line":11,"column":37},"end":{"line":11,"column":53}},"type":"cond-expr","locations":[{"start":{"line":11,"column":47},"end":{"line":11,"column":53}},{"start":{"line":11,"column":47},"end":{"line":11,"column":53}}]},"1":{"loc":{"start":{"line":11,"column":37},"end":{"line":11,"column":47}},"type":"binary-expr","locations":[{"start":{"line":11,"column":37},"end":{"line":11,"column":53}},{"start":{"line":11,"column":37},"end":{"line":11,"column":47}}]}},"s":{"0":3,"1":3,"2":3,"3":3,"4":3,"5":7,"6":1,"7":1,"8":1,"9":4,"10":2,"11":2,"12":1,"13":3,"14":3},"f":{"0":7,"1":1,"2":1,"3":4,"4":2,"5":1},"b":{"0":[3,0],"1":[3,3]}}
,"/Users/usuario/Desktop/sena back/ejercicios/travels/src/modules/users/users.controller.ts": {"path":"/Users/usuario/Desktop/sena back/ejercicios/travels/src/modules/users/users.controller.ts","statementMap":{"0":{"start":{"line":1,"column":0},"end":{"line":1,"column":null}},"1":{"start":{"line":11,"column":0},"end":{"line":11,"column":47}},"2":{"start":{"line":12,"column":0},"end":{"line":12,"column":57}},"3":{"start":{"line":14,"column":0},"end":{"line":14,"column":54}},"4":{"start":{"line":15,"column":0},"end":{"line":15,"column":49}},"5":{"start":{"line":16,"column":0},"end":{"line":16,"column":48}},"6":{"start":{"line":17,"column":0},"end":{"line":17,"column":null}},"7":{"start":{"line":30,"column":7},"end":{"line":112,"column":null}},"8":{"start":{"line":31,"column":31},"end":{"line":31,"column":45}},"9":{"start":{"line":39,"column":4},"end":{"line":39,"column":39}},"10":{"start":{"line":68,"column":4},"end":{"line":68,"column":46}},"11":{"start":{"line":87,"column":4},"end":{"line":87,"column":46}},"12":{"start":{"line":101,"column":4},"end":{"line":101,"column":40}},"13":{"start":{"line":110,"column":4},"end":{"line":110,"column":39}},"14":{"start":{"line":30,"column":13},"end":{"line":30,"column":28}},"15":{"start":{"line":38,"column":2},"end":{"line":40,"column":null}},"16":{"start":{"line":67,"column":2},"end":{"line":69,"column":null}},"17":{"start":{"line":86,"column":2},"end":{"line":88,"column":null}},"18":{"start":{"line":100,"column":2},"end":{"line":102,"column":null}},"19":{"start":{"line":109,"column":2},"end":{"line":111,"column":null}},"20":{"start":{"line":30,"column":13},"end":{"line":112,"column":null}}},"fnMap":{"0":{"name":"(anonymous_4)","decl":{"start":{"line":31,"column":2},"end":{"line":31,"column":31}},"loc":{"start":{"line":31,"column":57},"end":{"line":31,"column":61}}},"1":{"name":"(anonymous_5)","decl":{"start":{"line":38,"column":2},"end":{"line":38,"column":9}},"loc":{"start":{"line":38,"column":9},"end":{"line":40,"column":3}}},"2":{"name":"(anonymous_6)","decl":{"start":{"line":67,"column":2},"end":{"line":67,"column":12}},"loc":{"start":{"line":67,"column":40},"end":{"line":69,"column":3}}},"3":{"name":"(anonymous_7)","decl":{"start":{"line":86,"column":2},"end":{"line":86,"column":8}},"loc":{"start":{"line":86,"column":70},"end":{"line":88,"column":3}}},"4":{"name":"(anonymous_8)","decl":{"start":{"line":100,"column":2},"end":{"line":100,"column":8}},"loc":{"start":{"line":100,"column":32},"end":{"line":102,"column":3}}},"5":{"name":"(anonymous_9)","decl":{"start":{"line":109,"column":2},"end":{"line":109,"column":12}},"loc":{"start":{"line":109,"column":12},"end":{"line":111,"column":3}}}},"branchMap":{"0":{"loc":{"start":{"line":67,"column":27},"end":{"line":67,"column":null}},"type":"cond-expr","locations":[{"start":{"line":67,"column":40},"end":{"line":67,"column":null}},{"start":{"line":67,"column":40},"end":{"line":67,"column":null}}]},"1":{"loc":{"start":{"line":67,"column":27},"end":{"line":67,"column":40}},"type":"binary-expr","locations":[{"start":{"line":67,"column":27},"end":{"line":67,"column":null}},{"start":{"line":67,"column":27},"end":{"line":67,"column":40}}]},"2":{"loc":{"start":{"line":86,"column":48},"end":{"line":86,"column":70}},"type":"cond-expr","locations":[{"start":{"line":86,"column":55},"end":{"line":86,"column":70}},{"start":{"line":86,"column":55},"end":{"line":86,"column":70}}]},"3":{"loc":{"start":{"line":86,"column":48},"end":{"line":86,"column":55}},"type":"binary-expr","locations":[{"start":{"line":86,"column":48},"end":{"line":86,"column":70}},{"start":{"line":86,"column":48},"end":{"line":86,"column":55}}]},"4":{"loc":{"start":{"line":31,"column":45},"end":{"line":31,"column":60}},"type":"cond-expr","locations":[{"start":{"line":31,"column":57},"end":{"line":31,"column":60}},{"start":{"line":31,"column":57},"end":{"line":31,"column":60}}]},"5":{"loc":{"start":{"line":31,"column":45},"end":{"line":31,"column":57}},"type":"binary-expr","locations":[{"start":{"line":31,"column":45},"end":{"line":31,"column":60}},{"start":{"line":31,"column":45},"end":{"line":31,"column":57}}]}},"s":{"0":3,"1":3,"2":3,"3":3,"4":3,"5":3,"6":3,"7":3,"8":2,"9":1,"10":0,"11":0,"12":0,"13":0,"14":3,"15":3,"16":3,"17":3,"18":3,"19":3,"20":3},"f":{"0":2,"1":1,"2":0,"3":0,"4":0,"5":0},"b":{"0":[3,0],"1":[3,3],"2":[0,3],"3":[3,0],"4":[3,0],"5":[3,3]}}
,"/Users/usuario/Desktop/sena back/ejercicios/travels/src/modules/users/users.module.ts": {"path":"/Users/usuario/Desktop/sena back/ejercicios/travels/src/modules/users/users.module.ts","statementMap":{"0":{"start":{"line":1,"column":0},"end":{"line":1,"column":40}},"1":{"start":{"line":2,"column":0},"end":{"line":2,"column":47}},"2":{"start":{"line":3,"column":0},"end":{"line":3,"column":53}},"3":{"start":{"line":4,"column":0},"end":{"line":4,"column":48}},"4":{"start":{"line":5,"column":0},"end":{"line":5,"column":48}},"5":{"start":{"line":6,"column":0},"end":{"line":6,"column":48}},"6":{"start":{"line":14,"column":7},"end":{"line":14,"column":null}},"7":{"start":{"line":14,"column":13},"end":{"line":14,"column":24}},"8":{"start":{"line":14,"column":13},"end":{"line":14,"column":null}}},"fnMap":{},"branchMap":{},"s":{"0":2,"1":2,"2":2,"3":2,"4":2,"5":2,"6":2,"7":2,"8":2},"f":{},"b":{}}
,"/Users/usuario/Desktop/sena back/ejercicios/travels/src/modules/users/users.service.ts": {"path":"/Users/usuario/Desktop/sena back/ejercicios/travels/src/modules/users/users.service.ts","statementMap":{"0":{"start":{"line":1,"column":0},"end":{"line":1,"column":33}},"1":{"start":{"line":2,"column":0},"end":{"line":2,"column":48}},"2":{"start":{"line":3,"column":0},"end":{"line":3,"column":51}},"3":{"start":{"line":4,"column":0},"end":{"line":4,"column":37}},"4":{"start":{"line":5,"column":0},"end":{"line":5,"column":48}},"5":{"start":{"line":7,"column":0},"end":{"line":7,"column":63}},"6":{"start":{"line":10,"column":7},"end":{"line":69,"column":null}},"7":{"start":{"line":13,"column":12},"end":{"line":13,"column":23}},"8":{"start":{"line":16,"column":12},"end":{"line":16,"column":23}},"9":{"start":{"line":20,"column":4},"end":{"line":22,"column":7}},"10":{"start":{"line":27,"column":17},"end":{"line":27,"column":71}},"11":{"start":{"line":28,"column":4},"end":{"line":30,"column":5}},"12":{"start":{"line":29,"column":6},"end":{"line":29,"column":79}},"13":{"start":{"line":33,"column":17},"end":{"line":33,"column":39}},"14":{"start":{"line":34,"column":27},"end":{"line":34,"column":68}},"15":{"start":{"line":37,"column":17},"end":{"line":42,"column":6}},"16":{"start":{"line":44,"column":4},"end":{"line":44,"column":37}},"17":{"start":{"line":48,"column":4},"end":{"line":48,"column":42}},"18":{"start":{"line":49,"column":4},"end":{"line":52,"column":7}},"19":{"start":{"line":56,"column":4},"end":{"line":56,"column":36}},"20":{"start":{"line":60,"column":4},"end":{"line":63,"column":7}},"21":{"start":{"line":67,"column":4},"end":{"line":67,"column":55}},"22":{"start":{"line":10,"column":13},"end":{"line":10,"column":25}},"23":{"start":{"line":10,"column":13},"end":{"line":69,"column":null}}},"fnMap":{"0":{"name":"(anonymous_13)","decl":{"start":{"line":11,"column":2},"end":{"line":11,"column":null}},"loc":{"start":{"line":16,"column":39},"end":{"line":17,"column":6}}},"1":{"name":"(anonymous_14)","decl":{"start":{"line":19,"column":2},"end":{"line":19,"column":7}},"loc":{"start":{"line":19,"column":15},"end":{"line":23,"column":3}}},"2":{"name":"(anonymous_15)","decl":{"start":{"line":25,"column":2},"end":{"line":25,"column":7}},"loc":{"start":{"line":25,"column":41},"end":{"line":45,"column":3}}},"3":{"name":"(anonymous_16)","decl":{"start":{"line":47,"column":2},"end":{"line":47,"column":7}},"loc":{"start":{"line":47,"column":46},"end":{"line":53,"column":3}}},"4":{"name":"(anonymous_17)","decl":{"start":{"line":55,"column":2},"end":{"line":55,"column":7}},"loc":{"start":{"line":55,"column":25},"end":{"line":57,"column":3}}},"5":{"name":"(anonymous_18)","decl":{"start":{"line":59,"column":2},"end":{"line":59,"column":7}},"loc":{"start":{"line":59,"column":33},"end":{"line":64,"column":3}}},"6":{"name":"(anonymous_19)","decl":{"start":{"line":66,"column":2},"end":{"line":66,"column":7}},"loc":{"start":{"line":66,"column":35},"end":{"line":68,"column":3}}}},"branchMap":{"0":{"loc":{"start":{"line":28,"column":4},"end":{"line":30,"column":5}},"type":"if","locations":[{"start":{"line":28,"column":4},"end":{"line":30,"column":5}},{"start":{},"end":{}}]},"1":{"loc":{"start":{"line":13,"column":23},"end":{"line":13,"column":39}},"type":"cond-expr","locations":[{"start":{"line":13,"column":33},"end":{"line":13,"column":39}},{"start":{"line":13,"column":33},"end":{"line":13,"column":39}}]},"2":{"loc":{"start":{"line":13,"column":23},"end":{"line":13,"column":33}},"type":"binary-expr","locations":[{"start":{"line":13,"column":23},"end":{"line":13,"column":39}},{"start":{"line":13,"column":23},"end":{"line":13,"column":33}}]},"3":{"loc":{"start":{"line":13,"column":33},"end":{"line":16,"column":39}},"type":"cond-expr","locations":[{"start":{"line":16,"column":33},"end":{"line":16,"column":39}},{"start":{"line":16,"column":33},"end":{"line":16,"column":39}}]},"4":{"loc":{"start":{"line":13,"column":33},"end":{"line":16,"column":33}},"type":"binary-expr","locations":[{"start":{"line":13,"column":33},"end":{"line":16,"column":39}},{"start":{"line":16,"column":23},"end":{"line":16,"column":33}}]}},"s":{"0":6,"1":6,"2":6,"3":6,"4":6,"5":6,"6":6,"7":7,"8":7,"9":1,"10":2,"11":2,"12":1,"13":1,"14":1,"15":1,"16":1,"17":1,"18":1,"19":1,"20":1,"21":1,"22":6,"23":6},"f":{"0":7,"1":1,"2":2,"3":1,"4":1,"5":1,"6":1},"b":{"0":[1,1],"1":[6,0],"2":[6,6],"3":[6,0],"4":[6,6]}}
}
