TN:
SF:src/app.controller.ts
FN:6,(anonymous_2)
FNF:1
FNH:1
FNDA:3,(anonymous_2)
DA:1,2
DA:2,2
DA:5,2
DA:6,3
LF:4
LH:4
BRDA:6,0,0,2
BRDA:6,0,1,0
BRDA:6,1,0,2
BRDA:6,1,1,2
BRF:4
BRH:3
end_of_record
TN:
SF:src/app.module.ts
FN:17,(anonymous_1)
FNF:1
FNH:1
FNDA:1,(anonymous_1)
DA:1,1
DA:2,1
DA:3,1
DA:4,1
DA:5,1
DA:6,1
DA:7,1
DA:8,1
DA:9,1
DA:17,1
DA:36,1
LF:11
LH:11
BRF:0
BRH:0
end_of_record
TN:
SF:src/app.service.ts
FNF:0
FNH:0
DA:1,2
DA:4,2
LF:2
LH:2
BRF:0
BRH:0
end_of_record
TN:
SF:src/interface/index.ts
FNF:0
FNH:0
DA:1,1
DA:2,1
DA:3,1
LF:3
LH:3
BRF:0
BRH:0
end_of_record
TN:
SF:src/modules/auth/auth.controller.ts
FN:9,(anonymous_4)
FN:23,(anonymous_5)
FN:34,(anonymous_6)
FNF:3
FNH:3
FNDA:2,(anonymous_4)
FNDA:1,(anonymous_5)
FNDA:1,(anonymous_6)
DA:1,3
DA:2,3
DA:3,3
DA:4,3
DA:8,3
DA:9,2
DA:23,3
DA:26,1
DA:27,1
DA:34,3
DA:35,1
LF:11
LH:11
BRDA:34,0,0,3
BRDA:34,0,1,0
BRDA:34,1,0,3
BRDA:34,1,1,3
BRDA:9,2,0,3
BRDA:9,2,1,0
BRDA:9,3,0,3
BRDA:9,3,1,3
BRF:8
BRH:6
end_of_record
TN:
SF:src/modules/auth/auth.module.ts
FNF:0
FNH:0
DA:1,2
DA:2,2
DA:3,2
DA:4,2
DA:5,2
DA:6,2
DA:7,2
DA:8,2
DA:9,2
DA:10,2
DA:25,2
LF:11
LH:11
BRDA:17,0,0,2
BRDA:17,0,1,2
BRF:2
BRH:2
end_of_record
TN:
SF:src/modules/auth/auth.service.ts
FN:18,(anonymous_13)
FN:27,(anonymous_14)
FN:36,(anonymous_15)
FN:43,(anonymous_16)
FNF:4
FNH:3
FNDA:4,(anonymous_13)
FNDA:0,(anonymous_14)
FNDA:3,(anonymous_15)
FNDA:1,(anonymous_16)
DA:1,4
DA:7,4
DA:8,4
DA:9,4
DA:11,4
DA:12,4
DA:13,4
DA:14,4
DA:17,4
DA:19,4
DA:20,4
DA:22,4
DA:24,4
DA:28,0
DA:29,0
DA:30,0
DA:31,0
DA:33,0
DA:37,3
DA:38,3
DA:44,1
DA:46,1
DA:49,0
DA:50,0
DA:53,0
DA:54,0
DA:55,0
DA:58,0
DA:60,0
DA:66,0
LF:30
LH:17
BRDA:29,0,0,0
BRDA:29,0,1,0
BRDA:29,1,0,0
BRDA:29,1,1,0
BRDA:49,2,0,0
BRDA:49,2,1,0
BRDA:54,3,0,0
BRDA:54,3,1,0
BRDA:19,4,0,4
BRDA:19,4,1,0
BRDA:19,5,0,4
BRDA:19,5,1,4
BRDA:19,6,0,4
BRDA:19,6,1,0
BRDA:19,7,0,4
BRDA:19,7,1,4
BRDA:20,8,0,4
BRDA:20,8,1,0
BRDA:20,9,0,4
BRDA:20,9,1,4
BRDA:22,10,0,4
BRDA:22,10,1,0
BRDA:22,11,0,4
BRDA:22,11,1,4
BRF:24
BRH:12
end_of_record
TN:
SF:src/modules/auth/jwt-auth.guard.ts
FNF:0
FNH:0
DA:1,7
DA:2,7
DA:5,7
LF:3
LH:3
BRF:0
BRH:0
end_of_record
TN:
SF:src/modules/auth/jwt.strategy.ts
FN:7,(anonymous_2)
FN:15,(anonymous_3)
FNF:2
FNH:2
FNDA:3,(anonymous_2)
FNDA:1,(anonymous_3)
DA:1,3
DA:2,3
DA:3,3
DA:6,3
DA:8,3
DA:16,1
LF:6
LH:6
BRDA:11,0,0,3
BRDA:11,0,1,2
BRF:2
BRH:2
end_of_record
TN:
SF:src/modules/auth/roles.decorator.ts
FN:4,(anonymous_0)
FNF:1
FNH:1
FNDA:24,(anonymous_0)
DA:1,8
DA:3,8
DA:4,24
LF:3
LH:3
BRF:0
BRH:0
end_of_record
TN:
SF:src/modules/auth/roles.guard.ts
FN:12,(anonymous_2)
FN:14,(anonymous_3)
FNF:2
FNH:1
FNDA:7,(anonymous_2)
FNDA:0,(anonymous_3)
DA:1,7
DA:7,7
DA:8,7
DA:11,7
DA:12,7
DA:15,0
DA:19,0
DA:21,0
DA:23,0
DA:24,0
DA:27,0
LF:11
LH:5
BRDA:19,0,0,0
BRDA:19,0,1,0
BRDA:23,1,0,0
BRDA:23,1,1,0
BRDA:23,2,0,0
BRDA:23,2,1,0
BRDA:12,3,0,7
BRDA:12,3,1,0
BRDA:12,4,0,7
BRDA:12,4,1,7
BRF:10
BRH:3
end_of_record
TN:
SF:src/modules/places/places.controller.ts
FN:30,(anonymous_4)
FN:45,(anonymous_5)
FN:52,(anonymous_6)
FN:63,(anonymous_7)
FN:83,(anonymous_8)
FN:94,(anonymous_9)
FNF:6
FNH:3
FNDA:2,(anonymous_4)
FNDA:0,(anonymous_5)
FNDA:1,(anonymous_6)
FNDA:1,(anonymous_7)
FNDA:0,(anonymous_8)
FNDA:0,(anonymous_9)
DA:1,3
DA:11,3
DA:13,3
DA:14,3
DA:15,3
DA:16,3
DA:24,3
DA:29,3
DA:30,2
DA:45,3
DA:46,0
DA:52,3
DA:53,1
DA:63,3
DA:64,1
DA:83,3
DA:84,0
DA:94,3
DA:95,0
LF:19
LH:16
BRDA:45,0,0,3
BRDA:45,0,1,0
BRDA:45,1,0,3
BRDA:45,1,1,3
BRDA:83,2,0,0
BRDA:83,2,1,3
BRDA:83,3,0,3
BRDA:83,3,1,0
BRDA:30,4,0,3
BRDA:30,4,1,0
BRDA:30,5,0,3
BRDA:30,5,1,3
BRF:12
BRH:8
end_of_record
TN:
SF:src/modules/places/places.module.ts
FNF:0
FNH:0
DA:1,2
DA:2,2
DA:3,2
DA:4,2
DA:5,2
DA:6,2
DA:13,2
LF:7
LH:7
BRF:0
BRH:0
end_of_record
TN:
SF:src/modules/places/places.service.ts
FN:11,(anonymous_4)
FN:19,(anonymous_5)
FN:24,(anonymous_6)
FN:28,(anonymous_7)
FN:32,(anonymous_8)
FN:37,(anonymous_9)
FN:41,(anonymous_10)
FNF:7
FNH:7
FNDA:8,(anonymous_4)
FNDA:1,(anonymous_5)
FNDA:1,(anonymous_6)
FNDA:2,(anonymous_7)
FNDA:1,(anonymous_8)
FNDA:1,(anonymous_9)
FNDA:3,(anonymous_10)
DA:1,4
DA:2,4
DA:4,4
DA:5,4
DA:7,4
DA:10,4
DA:13,8
DA:16,8
DA:20,1
DA:21,1
DA:25,1
DA:29,2
DA:33,1
DA:34,1
DA:38,1
DA:42,3
DA:43,3
DA:44,1
DA:49,2
DA:53,2
DA:55,1
DA:58,1
DA:64,2
LF:23
LH:23
BRDA:43,0,0,1
BRDA:43,0,1,2
BRDA:53,1,0,1
BRDA:53,1,1,1
BRDA:13,2,0,4
BRDA:13,2,1,0
BRDA:13,3,0,4
BRDA:13,3,1,4
BRDA:13,4,0,4
BRDA:13,4,1,0
BRDA:13,5,0,4
BRDA:13,5,1,4
BRF:12
BRH:10
end_of_record
TN:
SF:src/modules/roles/roles.controller.ts
FN:31,(anonymous_4)
FN:54,(anonymous_5)
FN:64,(anonymous_6)
FN:73,(anonymous_7)
FN:96,(anonymous_8)
FN:105,(anonymous_9)
FNF:6
FNH:3
FNDA:2,(anonymous_4)
FNDA:0,(anonymous_5)
FNDA:1,(anonymous_6)
FNDA:1,(anonymous_7)
FNDA:0,(anonymous_8)
FNDA:0,(anonymous_9)
DA:1,2
DA:11,2
DA:13,2
DA:14,2
DA:15,2
DA:16,2
DA:30,2
DA:31,2
DA:54,2
DA:55,0
DA:64,2
DA:65,1
DA:73,2
DA:74,1
DA:96,2
DA:97,0
DA:105,2
DA:106,0
LF:18
LH:15
BRDA:96,0,0,0
BRDA:96,0,1,2
BRDA:96,1,0,2
BRDA:96,1,1,0
BRDA:31,2,0,2
BRDA:31,2,1,0
BRDA:31,3,0,2
BRDA:31,3,1,2
BRF:8
BRH:5
end_of_record
TN:
SF:src/modules/roles/roles.module.ts
FNF:0
FNH:0
DA:1,1
DA:2,1
DA:3,1
DA:4,1
DA:5,1
DA:12,1
LF:6
LH:6
BRF:0
BRH:0
end_of_record
TN:
SF:src/modules/roles/roles.service.ts
FN:9,(anonymous_4)
FN:14,(anonymous_5)
FN:19,(anonymous_6)
FN:23,(anonymous_7)
FN:27,(anonymous_8)
FN:32,(anonymous_9)
FNF:6
FNH:6
FNDA:7,(anonymous_4)
FNDA:1,(anonymous_5)
FNDA:1,(anonymous_6)
FNDA:4,(anonymous_7)
FNDA:2,(anonymous_8)
FNDA:1,(anonymous_9)
DA:1,3
DA:2,3
DA:3,3
DA:5,3
DA:8,3
DA:11,7
DA:15,1
DA:16,1
DA:20,1
DA:24,4
DA:28,2
DA:29,2
DA:33,1
LF:13
LH:13
BRDA:11,0,0,3
BRDA:11,0,1,0
BRDA:11,1,0,3
BRDA:11,1,1,3
BRF:4
BRH:3
end_of_record
TN:
SF:src/modules/users/users.controller.ts
FN:31,(anonymous_4)
FN:38,(anonymous_5)
FN:67,(anonymous_6)
FN:86,(anonymous_7)
FN:100,(anonymous_8)
FN:109,(anonymous_9)
FNF:6
FNH:2
FNDA:2,(anonymous_4)
FNDA:1,(anonymous_5)
FNDA:0,(anonymous_6)
FNDA:0,(anonymous_7)
FNDA:0,(anonymous_8)
FNDA:0,(anonymous_9)
DA:1,3
DA:11,3
DA:12,3
DA:14,3
DA:15,3
DA:16,3
DA:17,3
DA:30,3
DA:31,2
DA:38,3
DA:39,1
DA:67,3
DA:68,0
DA:86,3
DA:87,0
DA:100,3
DA:101,0
DA:109,3
DA:110,0
LF:19
LH:15
BRDA:67,0,0,3
BRDA:67,0,1,0
BRDA:67,1,0,3
BRDA:67,1,1,3
BRDA:86,2,0,0
BRDA:86,2,1,3
BRDA:86,3,0,3
BRDA:86,3,1,0
BRDA:31,4,0,3
BRDA:31,4,1,0
BRDA:31,5,0,3
BRDA:31,5,1,3
BRF:12
BRH:8
end_of_record
TN:
SF:src/modules/users/users.module.ts
FNF:0
FNH:0
DA:1,2
DA:2,2
DA:3,2
DA:4,2
DA:5,2
DA:6,2
DA:14,2
LF:7
LH:7
BRF:0
BRH:0
end_of_record
TN:
SF:src/modules/users/users.service.ts
FN:11,(anonymous_13)
FN:19,(anonymous_14)
FN:25,(anonymous_15)
FN:47,(anonymous_16)
FN:55,(anonymous_17)
FN:59,(anonymous_18)
FN:66,(anonymous_19)
FNF:7
FNH:7
FNDA:7,(anonymous_13)
FNDA:1,(anonymous_14)
FNDA:2,(anonymous_15)
FNDA:1,(anonymous_16)
FNDA:1,(anonymous_17)
FNDA:1,(anonymous_18)
FNDA:1,(anonymous_19)
DA:1,6
DA:2,6
DA:3,6
DA:4,6
DA:5,6
DA:7,6
DA:10,6
DA:13,7
DA:16,7
DA:20,1
DA:27,2
DA:28,2
DA:29,1
DA:33,1
DA:34,1
DA:37,1
DA:44,1
DA:48,1
DA:49,1
DA:56,1
DA:60,1
DA:67,1
LF:22
LH:22
BRDA:28,0,0,1
BRDA:28,0,1,1
BRDA:13,1,0,6
BRDA:13,1,1,0
BRDA:13,2,0,6
BRDA:13,2,1,6
BRDA:13,3,0,6
BRDA:13,3,1,0
BRDA:13,4,0,6
BRDA:13,4,1,6
BRF:10
BRH:8
end_of_record
